[Sun Feb 15 15:10:01 CST 2026] 服务停止，重启中...
[Sun Feb 15 15:10:03 CST 2026] 已重启
[Mon Feb 16 09:30:00 CST 2026] 服务停止，重启中...
[Mon Feb 16 09:30:02 CST 2026] 已重启
[Mon Feb 16 09:30:28 CST 2026] Cron 检查: 服务已停止, 已重启
[Mon Feb 16 09:50:01 CST 2026] 服务停止，重启中...
[Mon Feb 16 09:50:03 CST 2026] 已重启
[Mon Feb 16 11:24:04 CST 2026] Cron 检查: 服务已停止, 已重启
[Mon Feb 16 11:55:01 CST 2026] 服务停止，重启中...
[Mon Feb 16 11:55:03 CST 2026] 已重启
[Mon Feb 16 12:30:00 CST 2026] 服务停止，重启中...
[Mon Feb 16 12:30:02 CST 2026] 已重启
[Mon Feb 16 12:35:00 CST 2026] 服务停止，重启中...
[Mon Feb 16 12:35:03 CST 2026] 已重启
[Mon Feb 16 12:40:00 CST 2026] 服务停止，重启中...
[Mon Feb 16 12:40:02 CST 2026] 已重启
[Mon Feb 16 12:45:00 CST 2026] 服务停止，重启中...
[Mon Feb 16 12:45:02 CST 2026] 已重启
[Mon Feb 16 12:50:00 CST 2026] 服务停止，重启中...
[Mon Feb 16 12:50:03 CST 2026] 已重启
[Mon Feb 16 12:55:00 CST 2026] 服务停止，重启中...
[Mon Feb 16 12:55:02 CST 2026] 已重启
[Mon Feb 16 13:00:00 CST 2026] 服务停止，重启中...
[Mon Feb 16 13:00:02 CST 2026] 已重启
[Mon Feb 16 13:05:01 CST 2026] 服务停止，重启中...
[Mon Feb 16 13:05:03 CST 2026] 已重启
[Mon Feb 16 13:10:01 CST 2026] 服务停止，重启中...
[Mon Feb 16 13:10:03 CST 2026] 已重启
[Mon Feb 16 13:15:00 CST 2026] 服务停止，重启中...
[Mon Feb 16 13:15:02 CST 2026] 已重启
[Mon Feb 16 13:20:00 CST 2026] 服务停止，重启中...
[Mon Feb 16 13:20:02 CST 2026] 已重启
[Mon Feb 16 13:25:00 CST 2026] 服务停止，重启中...
[Mon Feb 16 13:25:02 CST 2026] 已重启
[Mon Feb 16 13:30:00 CST 2026] 服务停止，重启中...
[Mon Feb 16 13:30:02 CST 2026] 已重启
[Mon Feb 16 13:35:01 CST 2026] 服务停止，重启中...
[Mon Feb 16 13:35:03 CST 2026] 已重启
[Mon Feb 16 13:40:00 CST 2026] 服务停止，重启中...
[Mon Feb 16 13:40:02 CST 2026] 已重启
[Mon Feb 16 13:45:00 CST 2026] 服务停止，重启中...
[Mon Feb 16 13:45:02 CST 2026] 已重启
[Mon Feb 16 13:50:00 CST 2026] 服务停止，重启中...
[Mon Feb 16 13:50:02 CST 2026] 已重启
[Mon Feb 16 13:55:00 CST 2026] 服务停止，重启中...
[Mon Feb 16 13:55:02 CST 2026] 已重启
[Mon Feb 16 14:00:00 CST 2026] 服务停止，重启中...
[Mon Feb 16 14:00:02 CST 2026] 已重启
[Mon Feb 16 14:05:00 CST 2026] 服务停止，重启中...
[Mon Feb 16 14:05:02 CST 2026] 已重启
[Mon Feb 16 14:10:00 CST 2026] 服务停止，重启中...
[Mon Feb 16 14:10:02 CST 2026] 已重启
[Mon Feb 16 14:15:00 CST 2026] 服务停止，重启中...
[Mon Feb 16 14:15:02 CST 2026] 已重启
[Mon Feb 16 14:20:00 CST 2026] 服务停止，重启中...
[Mon Feb 16 14:20:02 CST 2026] 已重启
[Mon Feb 16 14:25:00 CST 2026] 服务停止，重启中...
[Mon Feb 16 14:25:02 CST 2026] 已重启
[Mon Feb 16 14:34:31 CST 2026] 服务停止，重启中...
[Mon Feb 16 14:34:34 CST 2026] 已重启
[Mon Feb 16 14:35:00 CST 2026] 服务停止，重启中...
[Mon Feb 16 14:35:02 CST 2026] 已重启
[Mon Feb 16 14:40:00 CST 2026] 服务停止，重启中...
[Mon Feb 16 14:40:02 CST 2026] 已重启
[Mon Feb 16 14:45:01 CST 2026] 服务停止，重启中...
[Mon Feb 16 14:45:03 CST 2026] 已重启
[Mon Feb 16 14:50:00 CST 2026] 服务停止，重启中...
[Mon Feb 16 14:50:03 CST 2026] 已重启
[Mon Feb 16 14:55:00 CST 2026] 服务停止，重启中...
[Mon Feb 16 14:55:02 CST 2026] 已重启
[Mon Feb 16 15:00:00 CST 2026] 服务停止，重启中...
[Mon Feb 16 15:00:02 CST 2026] 已重启
[Mon Feb 16 15:45:00 CST 2026] 服务停止，重启中...
[Mon Feb 16 15:45:02 CST 2026] 已重启
[Mon Feb 16 15:55:00 CST 2026] 服务停止，重启中...
[Mon Feb 16 15:55:02 CST 2026] 已重启
Mon Feb 16 15:57:29 CST 2026: 服务停止，重启中...
Mon Feb 16 15:57:29 CST 2026: 已重启
